Determining if the pthread_create exist failed with the following output:
Change Dir: /home/ubuntu/Bureau/re216-master/build/CMakeFiles/CMakeTmp

Run Build Command:/usr/bin/make "cmTryCompileExec1724419226/fast"
/usr/bin/make -f CMakeFiles/cmTryCompileExec1724419226.dir/build.make CMakeFiles/cmTryCompileExec1724419226.dir/build
make[1]: entrant dans le répertoire « /home/ubuntu/Bureau/re216-master/build/CMakeFiles/CMakeTmp »
/usr/bin/cmake -E cmake_progress_report /home/ubuntu/Bureau/re216-master/build/CMakeFiles/CMakeTmp/CMakeFiles 1
Building C object CMakeFiles/cmTryCompileExec1724419226.dir/CheckSymbolExists.c.o
/usr/bin/cc    -o CMakeFiles/cmTryCompileExec1724419226.dir/CheckSymbolExists.c.o   -c /home/ubuntu/Bureau/re216-master/build/CMakeFiles/CMakeTmp/CheckSymbolExists.c
Linking C executable cmTryCompileExec1724419226
/usr/bin/cmake -E cmake_link_script CMakeFiles/cmTryCompileExec1724419226.dir/link.txt --verbose=1
/usr/bin/cc       CMakeFiles/cmTryCompileExec1724419226.dir/CheckSymbolExists.c.o  -o cmTryCompileExec1724419226 -rdynamic 
CMakeFiles/cmTryCompileExec1724419226.dir/CheckSymbolExists.c.o: dans la fonction « main »:
CheckSymbolExists.c:(.text+0xa): référence indéfinie vers « pthread_create »
collect2: error: ld returned 1 exit status
make[1]: quittant le répertoire « /home/ubuntu/Bureau/re216-master/build/CMakeFiles/CMakeTmp »
make[1]: *** [cmTryCompileExec1724419226] Erreur 1
make: *** [cmTryCompileExec1724419226/fast] Erreur 2

File /home/ubuntu/Bureau/re216-master/build/CMakeFiles/CMakeTmp/CheckSymbolExists.c:
/* */
#include <pthread.h>

int main(int argc, char** argv)
{
  (void)argv;
#ifndef pthread_create
  return ((int*)(&pthread_create))[argc];
#else
  (void)argc;
  return 0;
#endif
}

Determining if the function pthread_create exists in the pthreads failed with the following output:
Change Dir: /home/ubuntu/Bureau/re216-master/build/CMakeFiles/CMakeTmp

Run Build Command:/usr/bin/make "cmTryCompileExec4231855742/fast"
/usr/bin/make -f CMakeFiles/cmTryCompileExec4231855742.dir/build.make CMakeFiles/cmTryCompileExec4231855742.dir/build
make[1]: entrant dans le répertoire « /home/ubuntu/Bureau/re216-master/build/CMakeFiles/CMakeTmp »
/usr/bin/cmake -E cmake_progress_report /home/ubuntu/Bureau/re216-master/build/CMakeFiles/CMakeTmp/CMakeFiles 1
Building C object CMakeFiles/cmTryCompileExec4231855742.dir/CheckFunctionExists.c.o
/usr/bin/cc   -DCHECK_FUNCTION_EXISTS=pthread_create   -o CMakeFiles/cmTryCompileExec4231855742.dir/CheckFunctionExists.c.o   -c /usr/share/cmake-2.8/Modules/CheckFunctionExists.c
Linking C executable cmTryCompileExec4231855742
/usr/bin/cmake -E cmake_link_script CMakeFiles/cmTryCompileExec4231855742.dir/link.txt --verbose=1
/usr/bin/cc   -DCHECK_FUNCTION_EXISTS=pthread_create    CMakeFiles/cmTryCompileExec4231855742.dir/CheckFunctionExists.c.o  -o cmTryCompileExec4231855742 -rdynamic -lpthreads 
/usr/bin/ld: ne peut trouver -lpthreads
collect2: error: ld returned 1 exit status
make[1]: *** [cmTryCompileExec4231855742] Erreur 1
make[1]: quittant le répertoire « /home/ubuntu/Bureau/re216-master/build/CMakeFiles/CMakeTmp »
make: *** [cmTryCompileExec4231855742/fast] Erreur 2


